<?xml version="1.0" encoding="UTF-8"?>
<!-- Generated by org.testng.reporters.JUnitReportReporter -->
<testsuite hostname="DESKTOP-HT45GS3" failures="0" tests="1" name="AddingNewContacts.RunTestAddingNewContacts" time="60.813" errors="0" timestamp="21 Dec 2020 16:10:05 GMT">
  <testcase classname="AddingNewContacts.RunTestAddingNewContacts" name="feature" time="60.813"/>
</testsuite> <!-- AddingNewContacts.RunTestAddingNewContacts -->
