<?xml version="1.0" encoding="UTF-8"?>
<!-- Generated by org.testng.reporters.JUnitReportReporter -->
<testsuite hostname="DESKTOP-HT45GS3" failures="0" tests="1" name="Login.RunTestLogin" time="93.813" errors="0" timestamp="21 Dec 2020 16:10:05 GMT">
  <testcase classname="Login.RunTestLogin" name="feature" time="93.813"/>
</testsuite> <!-- Login.RunTestLogin -->
