<?xml version="1.0" encoding="UTF-8"?>
<!-- Generated by org.testng.reporters.JUnitReportReporter -->
<testsuite hostname="DESKTOP-HT45GS3" failures="0" tests="1" name="AddingNewTask.RunTestAddingNewTask" time="225.950" errors="0" timestamp="21 Dec 2020 16:10:05 GMT">
  <testcase classname="AddingNewTask.RunTestAddingNewTask" name="feature" time="225.950"/>
</testsuite> <!-- AddingNewTask.RunTestAddingNewTask -->
