<?xml version="1.0" encoding="UTF-8"?>
<!-- Generated by org.testng.reporters.JUnitReportReporter -->
<testsuite hostname="DESKTOP-HT45GS3" failures="0" tests="1" name="Registration.RunTestRegistration" time="40.128" errors="0" timestamp="21 Dec 2020 16:10:05 GMT">
  <testcase classname="Registration.RunTestRegistration" name="feature" time="40.128"/>
</testsuite> <!-- Registration.RunTestRegistration -->
